[35m[HTTP][39m [37m-->[39m [37mPOST[39m [37m/session[39m
[35m[HTTP][39m [90m{"capabilities":{"alwaysMatch":{"platformName":"Android","appium:platformVersion":"10","appium:deviceName":"emulator-5554","appium:automationName":"UiAutomator2","appium:app":"C:\\Other\\AndroidProject\\intellij\\AppiumDemo\\apk\\Other\\6.0.0 (20215213).apk"},"firstMatch":[{}]},"desiredCapabilities":{"platformName":"Android","appium:platformVersion":"10","appium:deviceName":"emulator-5554","appium:automationName":"UiAutomator2","appium:app":"C:\\Other\\AndroidProject\\intellij\\AppiumDemo\\apk\\Other\\6.0.0 (20215213).apk"}}[39m
[debug] [35m[W3C][39m Calling AppiumDriver.createSession() with args: [{"platformName":"Android","appium:platformVersion":"10","appium:deviceName":"emulator-5554","appium:automationName":"UiAutomator2","appium:app":"C:\\Other\\AndroidProject\\intellij\\AppiumDemo\\apk\\Other\\6.0.0 (20215213).apk"},null,{"alwaysMatch":{"platformName":"Android","appium:platformVersion":"10","appium:deviceName":"emulator-5554","appium:automationName":"UiAutomator2","appium:app":"C:\\Other\\AndroidProject\\intellij\\AppiumDemo\\apk\\Other\\6.0.0 (20215213).apk"},"firstMatch":[{}]}]
[debug] [35m[BaseDriver][39m Event 'newSessionRequested' logged at 1645707116145 (13:51:56 GMT+0100 (GMT+01:00))
[35m[Appium][39m Appium v1.22.2 creating new AndroidUiautomator2Driver (v1.70.1) session
[debug] [35m[BaseDriver][39m W3C capabilities and MJSONWP desired capabilities were provided
[debug] [35m[BaseDriver][39m Creating session with W3C capabilities: {
[debug] [35m[BaseDriver][39m   "alwaysMatch": {
[debug] [35m[BaseDriver][39m     "platformName": "Android",
[debug] [35m[BaseDriver][39m     "appium:platformVersion": "10",
[debug] [35m[BaseDriver][39m     "appium:deviceName": "emulator-5554",
[debug] [35m[BaseDriver][39m     "appium:automationName": "UiAutomator2",
[debug] [35m[BaseDriver][39m     "appium:app": "C:\\Other\\AndroidProject\\intellij\\AppiumDemo\\apk\\Other\\6.0.0 (20215213).apk"
[debug] [35m[BaseDriver][39m   },
[debug] [35m[BaseDriver][39m   "firstMatch": [
[debug] [35m[BaseDriver][39m     {}
[debug] [35m[BaseDriver][39m   ]
[debug] [35m[BaseDriver][39m }
[35m[BaseDriver][39m Session created with session id: c110e400-14db-43aa-9cda-ee0bb7b349f5
[35m[BaseDriver][39m Using local app 'C:\Other\AndroidProject\intellij\AppiumDemo\apk\Other\6.0.0 (20215213).apk'
[debug] [35m[UiAutomator2][39m Checking whether app is actually present
[35m[ADB][39m Found 1 'build-tools' folders under 'C:\Other\SDK' (newest first):
[35m[ADB][39m     C:/Other/SDK/build-tools/33.0.0-rc1
[35m[ADB][39m Using 'adb.exe' from 'C:\Other\SDK\platform-tools\adb.exe'
[debug] [35m[ADB][39m Running 'C:\Other\SDK\platform-tools\adb.exe -P 5037 start-server'
[35m[AndroidDriver][39m Retrieving device list
[debug] [35m[ADB][39m Trying to find a connected android device
[debug] [35m[ADB][39m Getting connected devices
[debug] [35m[ADB][39m Connected devices: [{"udid":"emulator-5554","state":"device"}]
[35m[AndroidDriver][39m Looking for a device with Android '10.0.0'
[debug] [35m[ADB][39m Setting device id to emulator-5554
[35m[ADB][39m Getting device platform version
[debug] [35m[ADB][39m Running 'C:\Other\SDK\platform-tools\adb.exe -P 5037 -s emulator-5554 shell getprop ro.build.version.release'
[debug] [35m[ADB][39m Current device property 'ro.build.version.release': 10
[35m[AndroidDriver][39m Using device: emulator-5554
[35m[ADB][39m Using 'adb.exe' from 'C:\Other\SDK\platform-tools\adb.exe'
[debug] [35m[ADB][39m Running 'C:\Other\SDK\platform-tools\adb.exe -P 5037 start-server'
[debug] [35m[ADB][39m Setting device id to emulator-5554
[debug] [35m[ADB][39m Running 'C:\Other\SDK\platform-tools\adb.exe -P 5037 -s emulator-5554 shell getprop ro.build.version.sdk'
[debug] [35m[ADB][39m Current device property 'ro.build.version.sdk': 29
[35m[ADB][39m Getting device platform version
[debug] [35m[ADB][39m Running 'C:\Other\SDK\platform-tools\adb.exe -P 5037 -s emulator-5554 shell getprop ro.build.version.release'
[debug] [35m[ADB][39m Current device property 'ro.build.version.release': 10
[debug] [35m[ADB][39m Device API level: 29
[35m[UiAutomator2][39m Relaxing hidden api policy
[debug] [35m[ADB][39m Running 'C:\Other\SDK\platform-tools\adb.exe -P 5037 -s emulator-5554 shell 'settings put global hidden_api_policy_pre_p_apps 1;settings put global hidden_api_policy_p_apps 1;settings put global hidden_api_policy 1''
[debug] [35m[AndroidDriver][39m Parsing package and activity from app manifest
[35m[ADB][39m Package name: 'dk.nodes.onfone'
[35m[ADB][39m Main activity name: 'dk.nodes.onfone.MainActivity'
[debug] [35m[AndroidDriver][39m Parsed package and activity are: dk.nodes.onfone/dk.nodes.onfone.MainActivity
[debug] [35m[ADB][39m Running 'C:\Other\SDK\platform-tools\adb.exe -P 5037 -s emulator-5554 wait-for-device'
[debug] [35m[ADB][39m Running 'C:\Other\SDK\platform-tools\adb.exe -P 5037 -s emulator-5554 shell echo ping'
[debug] [35m[AndroidDriver][39m Pushing settings apk to device...
[debug] [35m[ADB][39m Getting install status for io.appium.settings
[debug] [35m[ADB][39m Running 'C:\Other\SDK\platform-tools\adb.exe -P 5037 -s emulator-5554 shell dumpsys package io.appium.settings'
[debug] [35m[ADB][39m 'io.appium.settings' is installed
[debug] [35m[ADB][39m Getting package info for 'io.appium.settings'
[debug] [35m[ADB][39m Running 'C:\Other\SDK\platform-tools\adb.exe -P 5037 -s emulator-5554 shell dumpsys package io.appium.settings'
[debug] [35m[ADB][39m The version name of the installed 'io.appium.settings' is greater or equal to the application version name ('3.4.0' >= '3.4.0')
[debug] [35m[ADB][39m There is no need to install/upgrade 'C:\Other\WebdriverIOTestProject\node_modules\appium\node_modules\io.appium.settings\apks\settings_apk-debug.apk'
[debug] [35m[ADB][39m Getting IDs of all 'io.appium.settings' processes
[debug] [35m[ADB][39m Running 'C:\Other\SDK\platform-tools\adb.exe -P 5037 -s emulator-5554 shell 'pgrep --help; echo $?''
[debug] [35m[ADB][39m Running 'C:\Other\SDK\platform-tools\adb.exe -P 5037 -s emulator-5554 shell pgrep -f \(\[\[:blank:\]\]\|\^\)io\.appium\.settings\(\[\[:blank:\]\]\|\$\)'
[debug] [35m[AndroidDriver][39m io.appium.settings is already running. There is no need to reset its permissions.
[debug] [35m[Logcat][39m Starting logs capture with command: C:\\Other\\SDK\\platform-tools\\adb.exe -P 5037 -s emulator-5554 logcat -v threadtime
[debug] [35m[UiAutomator2][39m Forwarding UiAutomator2 Server port 6790 to local port 8200
[debug] [35m[ADB][39m Forwarding system: 8200 to device: 6790
[debug] [35m[ADB][39m Running 'C:\Other\SDK\platform-tools\adb.exe -P 5037 -s emulator-5554 forward tcp:8200 tcp:6790'
[debug] [35m[ADB][39m Getting install status for io.appium.uiautomator2.server
[debug] [35m[ADB][39m Running 'C:\Other\SDK\platform-tools\adb.exe -P 5037 -s emulator-5554 shell dumpsys package io.appium.uiautomator2.server'
[debug] [35m[ADB][39m 'io.appium.uiautomator2.server' is installed
[debug] [35m[ADB][39m Getting package info for 'io.appium.uiautomator2.server'
[debug] [35m[ADB][39m Running 'C:\Other\SDK\platform-tools\adb.exe -P 5037 -s emulator-5554 shell dumpsys package io.appium.uiautomator2.server'
[debug] [35m[ADB][39m The version name of the installed 'io.appium.uiautomator2.server' is greater or equal to the application version name ('4.27.0' >= '4.27.0')
[debug] [35m[UiAutomator2][39m io.appium.uiautomator2.server installation state: sameVersionInstalled
[debug] [35m[ADB][39m Checking app cert for C:\Other\WebdriverIOTestProject\node_modules\appium\node_modules\appium-uiautomator2-server\apks\appium-uiautomator2-server-v4.27.0.apk
[35m[ADB][39m Using 'apksigner.jar' from 'C:\Other\SDK\build-tools\33.0.0-rc1\lib\apksigner.jar'
[debug] [35m[ADB][39m Starting apksigner: 'C:\\Program Files\\Java\\jdk1.8.0_261\\bin\\java.exe' -Xmx1024M -Xss1m -jar C:\\Other\\SDK\\build-tools\\33.0.0-rc1\\lib\\apksigner.jar verify --print-certs C:\\Other\\WebdriverIOTestProject\\node_modules\\appium\\node_modules\\appium-uiautomator2-server\\apks\\appium-uiautomator2-server-v4.27.0.apk
[debug] [35m[ADB][39m apksigner stdout: Signer #1 certificate DN: EMAILADDRESS=android@android.com, CN=Android, OU=Android, O=Android, L=Mountain View, ST=California, C=US
[debug] [35m[ADB][39m Signer #1 certificate SHA-256 digest: a40da80a59d170caa950cf15c18c454d47a39b26989d8b640ecd745ba71bf5dc
[debug] [35m[ADB][39m Signer #1 certificate SHA-1 digest: 61ed377e85d386a8dfee6b864bd85b0bfaa5af81
[debug] [35m[ADB][39m Signer #1 certificate MD5 digest: e89b158e4bcf988ebd09eb83f5378e87
[debug] [35m[ADB][39m 
[debug] [35m[ADB][39m sha256 hash did match for 'appium-uiautomator2-server-v4.27.0.apk'
[35m[ADB][39m 'C:\Other\WebdriverIOTestProject\node_modules\appium\node_modules\appium-uiautomator2-server\apks\appium-uiautomator2-server-v4.27.0.apk' is signed with the default certificate
[debug] [35m[ADB][39m Getting install status for io.appium.uiautomator2.server.test
[debug] [35m[ADB][39m Running 'C:\Other\SDK\platform-tools\adb.exe -P 5037 -s emulator-5554 shell dumpsys package io.appium.uiautomator2.server.test'
[debug] [35m[ADB][39m 'io.appium.uiautomator2.server.test' is installed
[debug] [35m[ADB][39m Checking app cert for C:\Other\WebdriverIOTestProject\node_modules\appium\node_modules\appium-uiautomator2-server\apks\appium-uiautomator2-server-debug-androidTest.apk
[debug] [35m[ADB][39m Starting apksigner: 'C:\\Program Files\\Java\\jdk1.8.0_261\\bin\\java.exe' -Xmx1024M -Xss1m -jar C:\\Other\\SDK\\build-tools\\33.0.0-rc1\\lib\\apksigner.jar verify --print-certs C:\\Other\\WebdriverIOTestProject\\node_modules\\appium\\node_modules\\appium-uiautomator2-server\\apks\\appium-uiautomator2-server-debug-androidTest.apk
[debug] [35m[ADB][39m apksigner stdout: Signer #1 certificate DN: EMAILADDRESS=android@android.com, CN=Android, OU=Android, O=Android, L=Mountain View, ST=California, C=US
[debug] [35m[ADB][39m Signer #1 certificate SHA-256 digest: a40da80a59d170caa950cf15c18c454d47a39b26989d8b640ecd745ba71bf5dc
[debug] [35m[ADB][39m Signer #1 certificate SHA-1 digest: 61ed377e85d386a8dfee6b864bd85b0bfaa5af81
[debug] [35m[ADB][39m Signer #1 certificate MD5 digest: e89b158e4bcf988ebd09eb83f5378e87
[debug] [35m[ADB][39m 
[debug] [35m[ADB][39m sha256 hash did match for 'appium-uiautomator2-server-debug-androidTest.apk'
[35m[ADB][39m 'C:\Other\WebdriverIOTestProject\node_modules\appium\node_modules\appium-uiautomator2-server\apks\appium-uiautomator2-server-debug-androidTest.apk' is signed with the default certificate
[35m[UiAutomator2][39m Server packages are not going to be (re)installed
[debug] [35m[UiAutomator2][39m Waiting up to 30000ms for services to be available
[debug] [35m[ADB][39m Running 'C:\Other\SDK\platform-tools\adb.exe -P 5037 -s emulator-5554 shell pm list instrumentation'
[debug] [35m[UiAutomator2][39m Instrumentation target 'io.appium.uiautomator2.server.test/androidx.test.runner.AndroidJUnitRunner' is available
[35m[ADB][39m Adding packages ["io.appium.settings","io.appium.uiautomator2.server","io.appium.uiautomator2.server.test"] to Doze whitelist
[debug] [35m[ADB][39m Got the following command chunks to execute: [["dumpsys","deviceidle","whitelist","+io.appium.settings",";","dumpsys","deviceidle","whitelist","+io.appium.uiautomator2.server",";","dumpsys","deviceidle","whitelist","+io.appium.uiautomator2.server.test",";"]]
[debug] [35m[ADB][39m Running 'C:\Other\SDK\platform-tools\adb.exe -P 5037 -s emulator-5554 shell dumpsys deviceidle whitelist +io.appium.settings ; dumpsys deviceidle whitelist +io.appium.uiautomator2.server ; dumpsys deviceidle whitelist +io.appium.uiautomator2.server.test ;'
[debug] [35m[ADB][39m Checking app cert for C:\Other\AndroidProject\intellij\AppiumDemo\apk\Other\6.0.0 (20215213).apk
[debug] [35m[ADB][39m Starting apksigner: 'C:\\Program Files\\Java\\jdk1.8.0_261\\bin\\java.exe' -Xmx1024M -Xss1m -jar C:\\Other\\SDK\\build-tools\\33.0.0-rc1\\lib\\apksigner.jar verify --print-certs 'C:\\Other\\AndroidProject\\intellij\\AppiumDemo\\apk\\Other\\6.0.0 (20215213).apk'
[debug] [35m[ADB][39m apksigner stdout: Signer #1 certificate DN: CN=Android Debug, OU=Android, O=Unknown, L=Unknown, ST=Unknown, C=US
[debug] [35m[ADB][39m Signer #1 certificate SHA-256 digest: fac61745dc0903786fb9ede62a962b399f7348f0bb6f899b8332667591033b9c
[debug] [35m[ADB][39m Signer #1 certificate SHA-1 digest: 5e8f16062ea3cd2c4a0d547876baa6f38cabf625
[debug] [35m[ADB][39m Signer #1 certificate MD5 digest: 20f46148b72d8e5e5ca23d37a4f41490
[debug] [35m[ADB][39m 
[35m[ADB][39m 'C:\Other\AndroidProject\intellij\AppiumDemo\apk\Other\6.0.0 (20215213).apk' is signed with a non-default certificate
[debug] [35m[ADB][39m Getting install status for dk.nodes.onfone
[debug] [35m[ADB][39m Running 'C:\Other\SDK\platform-tools\adb.exe -P 5037 -s emulator-5554 shell dumpsys package dk.nodes.onfone'
[debug] [35m[ADB][39m 'dk.nodes.onfone' is installed
[debug] [35m[ADB][39m Getting package info for 'dk.nodes.onfone'
[debug] [35m[ADB][39m Running 'C:\Other\SDK\platform-tools\adb.exe -P 5037 -s emulator-5554 shell dumpsys package dk.nodes.onfone'
[debug] [35m[ADB][39m The version name of the installed 'dk.nodes.onfone' is greater or equal to the application version name ('6.0.0' >= '6.0.0')
[debug] [35m[ADB][39m There is no need to install/upgrade 'C:\Other\AndroidProject\intellij\AppiumDemo\apk\Other\6.0.0 (20215213).apk'
[35m[AndroidDriver][39m Performing fast reset on 'dk.nodes.onfone'
[debug] [35m[ADB][39m Getting install status for dk.nodes.onfone
[debug] [35m[ADB][39m Running 'C:\Other\SDK\platform-tools\adb.exe -P 5037 -s emulator-5554 shell dumpsys package dk.nodes.onfone'
[debug] [35m[ADB][39m 'dk.nodes.onfone' is installed
[debug] [35m[ADB][39m Running 'C:\Other\SDK\platform-tools\adb.exe -P 5037 -s emulator-5554 shell am force-stop dk.nodes.onfone'
[debug] [35m[ADB][39m Running 'C:\Other\SDK\platform-tools\adb.exe -P 5037 -s emulator-5554 shell pm clear dk.nodes.onfone'
[debug] [35m[AndroidDriver][39m Performed fast reset on the installed 'dk.nodes.onfone' application (stop and clear)
[debug] [35m[UiAutomator2][39m Performing shallow cleanup of automation leftovers
[debug] [35m[UiAutomator2][39m No obsolete sessions have been detected (Cannot read property 'map' of undefined)
[debug] [35m[ADB][39m Running 'C:\Other\SDK\platform-tools\adb.exe -P 5037 -s emulator-5554 shell am force-stop io.appium.uiautomator2.server.test'
[35m[UiAutomator2][39m Starting UIAutomator2 server 4.27.0
[35m[UiAutomator2][39m Using UIAutomator2 server from 'C:\Other\WebdriverIOTestProject\node_modules\appium\node_modules\appium-uiautomator2-server\apks\appium-uiautomator2-server-v4.27.0.apk' and test from 'C:\Other\WebdriverIOTestProject\node_modules\appium\node_modules\appium-uiautomator2-server\apks\appium-uiautomator2-server-debug-androidTest.apk'
[35m[UiAutomator2][39m Waiting up to 30000ms for UiAutomator2 to be online...
[debug] [35m[ADB][39m Creating ADB subprocess with args: ["-P",5037,"-s","emulator-5554","shell","am","instrument","-w","-e","disableAnalytics",true,"io.appium.uiautomator2.server.test/androidx.test.runner.AndroidJUnitRunner"]
[debug] [35m[WD Proxy][39m Matched '/status' to command name 'getStatus'
[debug] [35m[WD Proxy][39m Proxying [GET /status] to [GET http://127.0.0.1:8200/wd/hub/status] with no body
[35m[WD Proxy][39m socket hang up
[debug] [35m[Instrumentation][39m io.appium.uiautomator2.server.test.AppiumUiAutomator2Server:
[debug] [35m[WD Proxy][39m Matched '/status' to command name 'getStatus'
[debug] [35m[WD Proxy][39m Proxying [GET /status] to [GET http://127.0.0.1:8200/wd/hub/status] with no body
[35m[WD Proxy][39m socket hang up
[debug] [35m[WD Proxy][39m Matched '/status' to command name 'getStatus'
[debug] [35m[WD Proxy][39m Proxying [GET /status] to [GET http://127.0.0.1:8200/wd/hub/status] with no body
[debug] [35m[WD Proxy][39m Got response with status 200: {"sessionId":"None","value":{"message":"UiAutomator2 Server is ready to accept commands","ready":true}}
[debug] [35m[UiAutomator2][39m The initialization of the instrumentation process took 2203ms
[debug] [35m[WD Proxy][39m Matched '/session' to command name 'createSession'
[debug] [35m[WD Proxy][39m Proxying [POST /session] to [POST http://127.0.0.1:8200/wd/hub/session] with body: {"capabilities":{"firstMatch":[{"platform":"LINUX","webStorageEnabled":false,"takesScreenshot":true,"javascriptEnabled":true,"databaseEnabled":false,"networkConnectionEnabled":true,"locationContextEnabled":false,"warnings":{},"desired":{"platformName":"Android","platformVersion":"10","deviceName":"emulator-5554","automationName":"UiAutomator2","app":"C:\\Other\\AndroidProject\\intellij\\AppiumDemo\\apk\\Other\\6.0.0 (20215213).apk"},"platformName":"Android","platformVersion":"10","deviceName":"emulator-5554","automationName":"UiAutomator2","app":"C:\\Other\\AndroidProject\\intellij\\AppiumDemo\\apk\\Other\\6.0.0 (20215213).apk","deviceUDID":"emulator-5554","appPackage":"dk.nodes.onfone"}],"alwaysMatch":{}}}
[debug] [35m[WD Proxy][39m Got response with status 200: {"sessionId":"e9fdc0d8-324f-459e-86c7-41f8df248120","value":{"capabilities":{"firstMatch":[{"platform":"LINUX","webStorageEnabled":false,"takesScreenshot":true,"javascriptEnabled":true,"databaseEnabled":false,"networkConnectionEnabled":true,"locationContextEnabled":false,"warnings":{},"desired":{"platformName":"Android","platformVersion":"10","deviceName":"emulator-5554","automationName":"UiAutomator2","app":"C:\\Other\\AndroidProject\\intellij\\AppiumDemo\\apk\\Other\\6.0.0 (20215213).apk"},"platformName":"Android","platformVersion":"10","deviceName":"emulator-5554","automationName":"UiAutomator2","app":"C:\\Other\\AndroidProject\\intellij\\AppiumDemo\\apk\\Other\\6.0.0 (20215213).apk","deviceUDID":"emulator-5554","appPackage":"dk.nodes.onfone"}],"alwaysMatch":{}},"sessionId":"e9fdc0d8-324f-459e-86c7-41f8df248120"}}
[35m[WD Proxy][39m Determined the downstream protocol as 'W3C'
[debug] [35m[WD Proxy][39m Proxying [GET /appium/device/info] to [GET http://127.0.0.1:8200/wd/hub/session/e9fdc0d8-324f-459e-86c7-41f8df248120/appium/device/info] with no body
[debug] [35m[WD Proxy][39m Got response with status 200: {"sessionId":"e9fdc0d8-324f-459e-86c7-41f8df248120","value":{"androidId":"9b20c7b2c69605a4","apiVersion":"29","bluetooth":null,"brand":"google","carrierName":"Android","displayDensity":420,"locale":"en_US","manufacturer":"Google","model":"Android SDK built for x86","networks":[{"capabilities":{"SSID":null,"linkDownBandwidthKbps":102400,"linkUpstreamBandwidthKbps":51200,"networkCapabilities":"NET_CAPABILITY_MMS,NET_CAPABILITY_SUPL,NET_CAPABILITY_DUN,NET_CAPABILITY_FOTA,NET_CAPABILITY_IMS,NET_CAPABILITY_CBS,NET_CAPABILITY_INTERNET,NET_CAPABILITY_NOT_RESTRICTED,NET_CAPABILITY_TRUSTED,NET_CAPABILITY_NOT_VPN,NET_CAPABILITY_NOT_ROAMING,NET_CAPABILITY_FOREGROUND,NET_CAPABILITY_NOT_CONGESTED,NET_CAPABILITY_NOT_SUSPENDED","signalStrength":-2147483648,"transportTypes":"TRANSPORT_CELLULAR"},"detailedState":"CONNECTED","extraInfo":"epc.tmobile.com","isAvailable":true,"isConnected":true,"isFailover":false,"isRoaming":false,"state":"CONNECTED","subtype":13,"subtypeName":"LTE","type":0,"typeName":"MOBILE"}],"platformVers...
[debug] [35m[ADB][39m Running 'C:\Other\SDK\platform-tools\adb.exe -P 5037 -s emulator-5554 shell dumpsys window'
[35m[AndroidDriver][39m Screen already unlocked, doing nothing
[35m[UiAutomator2][39m Starting 'dk.nodes.onfone/dk.nodes.onfone.MainActivity and waiting for 'dk.nodes.onfone/dk.nodes.onfone.MainActivity'
[debug] [35m[ADB][39m Running 'C:\Other\SDK\platform-tools\adb.exe -P 5037 -s emulator-5554 shell am start -W -n dk.nodes.onfone/dk.nodes.onfone.MainActivity -S -a android.intent.action.MAIN -c android.intent.category.LAUNCHER -f 0x10200000'
[debug] [35m[ADB][39m Waiting up to 20000ms for activity matching pkg: 'dk.nodes.onfone' and activity: 'dk.nodes.onfone.MainActivity' to be focused
[debug] [35m[ADB][39m Possible activities, to be checked: 'dk.nodes.onfone.MainActivity', 'dk.nodes.onfone.dk.nodes.onfone.MainActivity'
[debug] [35m[ADB][39m Getting focused package and activity
[debug] [35m[ADB][39m Running 'C:\Other\SDK\platform-tools\adb.exe -P 5037 -s emulator-5554 shell dumpsys window displays'
[debug] [35m[ADB][39m Found package: 'dk.nodes.onfone' and fully qualified activity name : 'dk.nodes.onfone.MainActivity'
[debug] [35m[WD Proxy][39m Proxying [GET /appium/device/pixel_ratio] to [GET http://127.0.0.1:8200/wd/hub/session/e9fdc0d8-324f-459e-86c7-41f8df248120/appium/device/pixel_ratio] with no body
[debug] [35m[WD Proxy][39m Got response with status 200: {"sessionId":"e9fdc0d8-324f-459e-86c7-41f8df248120","value":2.625}
[debug] [35m[WD Proxy][39m Matched '/appium/device/system_bars' to command name 'getSystemBars'
[debug] [35m[WD Proxy][39m Proxying [GET /appium/device/system_bars] to [GET http://127.0.0.1:8200/wd/hub/session/e9fdc0d8-324f-459e-86c7-41f8df248120/appium/device/system_bars] with no body
[debug] [35m[WD Proxy][39m Got response with status 200: {"sessionId":"e9fdc0d8-324f-459e-86c7-41f8df248120","value":{"statusBar":63}}
[debug] [35m[WD Proxy][39m Matched '/window/current/size' to command name 'getWindowSize'
[debug] [35m[WD Proxy][39m Proxying [GET /window/current/size] to [GET http://127.0.0.1:8200/wd/hub/session/e9fdc0d8-324f-459e-86c7-41f8df248120/window/current/size] with no body
[debug] [35m[WD Proxy][39m Got response with status 200: {"sessionId":"e9fdc0d8-324f-459e-86c7-41f8df248120","value":{"height":1794,"width":1080}}
[35m[Appium][39m New AndroidUiautomator2Driver session created successfully, session c110e400-14db-43aa-9cda-ee0bb7b349f5 added to master session list
[debug] [35m[BaseDriver][39m Event 'newSessionStarted' logged at 1645707127696 (13:52:07 GMT+0100 (GMT+01:00))
[debug] [35m[W3C (c110e400)][39m Cached the protocol value 'W3C' for the new session c110e400-14db-43aa-9cda-ee0bb7b349f5
[debug] [35m[W3C (c110e400)][39m Responding to client with driver.createSession() result: {"capabilities":{"platform":"LINUX","webStorageEnabled":false,"takesScreenshot":true,"javascriptEnabled":true,"databaseEnabled":false,"networkConnectionEnabled":true,"locationContextEnabled":false,"warnings":{},"desired":{"platformName":"Android","platformVersion":"10","deviceName":"emulator-5554","automationName":"UiAutomator2","app":"C:\\Other\\AndroidProject\\intellij\\AppiumDemo\\apk\\Other\\6.0.0 (20215213).apk"},"platformName":"Android","platformVersion":"10","deviceName":"emulator-5554","automationName":"UiAutomator2","app":"C:\\Other\\AndroidProject\\intellij\\AppiumDemo\\apk\\Other\\6.0.0 (20215213).apk","deviceUDID":"emulator-5554","appPackage":"dk.nodes.onfone","deviceApiLevel":29,"deviceScreenSize":"1080x1920","deviceScreenDensity":420,"deviceModel":"Android SDK built for x86","deviceManufacturer":"Google","pixelRatio":2.625,"statBarHeight":63,"viewportRect":{"left":0,"top":63,"width":1080,"height":1731}}}
[35m[HTTP][39m [37m<-- POST /session [39m[32m200[39m [90m11557 ms - 992[39m
[35m[HTTP][39m [90m[39m
[35m[HTTP][39m [37m-->[39m [37mPOST[39m [37m/session/c110e400-14db-43aa-9cda-ee0bb7b349f5/element[39m
[35m[HTTP][39m [90m{"using":"xpath","value":"(//android.widget.EditText)[1]"}[39m
[debug] [35m[W3C (c110e400)][39m Calling AppiumDriver.findElement() with args: ["xpath","(//android.widget.EditText)[1]","c110e400-14db-43aa-9cda-ee0bb7b349f5"]
[debug] [35m[BaseDriver][39m Valid locator strategies for this request: xpath, id, class name, accessibility id, css selector, -android uiautomator
[debug] [35m[BaseDriver][39m Waiting up to 0 ms for condition
[debug] [35m[WD Proxy][39m Matched '/element' to command name 'findElement'
[debug] [35m[WD Proxy][39m Proxying [POST /element] to [POST http://127.0.0.1:8200/wd/hub/session/e9fdc0d8-324f-459e-86c7-41f8df248120/element] with body: {"strategy":"xpath","selector":"(//android.widget.EditText)[1]","context":"","multiple":false}
[35m[HTTP][39m [37m-->[39m [37mPOST[39m [37m/session/c110e400-14db-43aa-9cda-ee0bb7b349f5/element[39m
[35m[HTTP][39m [90m{"using":"xpath","value":"(//android.widget.EditText)[2]"}[39m
[debug] [35m[W3C (c110e400)][39m Calling AppiumDriver.findElement() with args: ["xpath","(//android.widget.EditText)[2]","c110e400-14db-43aa-9cda-ee0bb7b349f5"]
[35m[HTTP][39m [37m-->[39m [37mPOST[39m [37m/session/c110e400-14db-43aa-9cda-ee0bb7b349f5/element[39m
[35m[HTTP][39m [90m{"using":"xpath","value":"//android.widget.Button[@text='Log ind']"}[39m
[debug] [35m[W3C (c110e400)][39m Calling AppiumDriver.findElement() with args: ["xpath","//android.widget.Button[@text='Log ind']","c110e400-14db-43aa-9cda-ee0bb7b349f5"]
[35m[HTTP][39m [37m-->[39m [37mDELETE[39m [37m/session/c110e400-14db-43aa-9cda-ee0bb7b349f5[39m
[35m[HTTP][39m [90m{}[39m
[debug] [35m[W3C (c110e400)][39m Calling AppiumDriver.deleteSession() with args: ["c110e400-14db-43aa-9cda-ee0bb7b349f5"]
[debug] [35m[BaseDriver][39m Event 'quitSessionRequested' logged at 1645707127795 (13:52:07 GMT+0100 (GMT+01:00))
[35m[Appium][39m Removing session c110e400-14db-43aa-9cda-ee0bb7b349f5 from our master session list
[debug] [35m[UiAutomator2][39m Deleting UiAutomator2 session
[debug] [35m[UiAutomator2][39m Deleting UiAutomator2 server session
[debug] [35m[WD Proxy][39m Matched '/' to command name 'deleteSession'
[debug] [35m[WD Proxy][39m Proxying [DELETE /] to [DELETE http://127.0.0.1:8200/wd/hub/session/e9fdc0d8-324f-459e-86c7-41f8df248120] with no body
[debug] [35m[WD Proxy][39m Got response with status 200: {"sessionId":"e9fdc0d8-324f-459e-86c7-41f8df248120","value":null}
[debug] [35m[ADB][39m Running 'C:\Other\SDK\platform-tools\adb.exe -P 5037 -s emulator-5554 shell am force-stop dk.nodes.onfone'
[debug] [35m[Logcat][39m Stopping logcat capture
[debug] [35m[ADB][39m Removing forwarded port socket connection: 8200 
[debug] [35m[ADB][39m Running 'C:\Other\SDK\platform-tools\adb.exe -P 5037 -s emulator-5554 forward --remove tcp:8200'
[35m[UiAutomator2][39m Restoring hidden api policy to the device default configuration
[debug] [35m[ADB][39m Running 'C:\Other\SDK\platform-tools\adb.exe -P 5037 -s emulator-5554 shell 'settings delete global hidden_api_policy_pre_p_apps;settings delete global hidden_api_policy_p_apps;settings delete global hidden_api_policy''
[debug] [35m[Instrumentation][39m .
[debug] [35m[Instrumentation][39m Time: 4.164
[debug] [35m[Instrumentation][39m 
[debug] [35m[Instrumentation][39m OK (1 test)
[35m[WD Proxy][39m socket hang up
[debug] [35m[BaseDriver][39m Valid locator strategies for this request: xpath, id, class name, accessibility id, css selector, -android uiautomator
[debug] [35m[BaseDriver][39m Waiting up to 0 ms for condition
[debug] [35m[W3C (c110e400)][39m Encountered internal error running command: UnknownError: An unknown server-side error occurred while processing the command. Original error: Could not proxy command to the remote server. Original error: socket hang up
[debug] [35m[W3C (c110e400)][39m     at UIA2Proxy.command (C:\Other\WebdriverIOTestProject\node_modules\appium\node_modules\appium-base-driver\lib\jsonwp-proxy\proxy.js:274:13)
[debug] [35m[W3C (c110e400)][39m     at processTicksAndRejections (internal/process/task_queues.js:97:5)
[35m[HTTP][39m [37m<-- POST /session/c110e400-14db-43aa-9cda-ee0bb7b349f5/element [39m[31m500[39m [90m814 ms - 625[39m
[35m[HTTP][39m [90m[39m
[debug] [35m[Instrumentation][39m The process has exited with code 0
[debug] [35m[BaseDriver][39m Valid locator strategies for this request: xpath, id, class name, accessibility id, css selector, -android uiautomator
[debug] [35m[BaseDriver][39m Waiting up to 0 ms for condition
[debug] [35m[W3C (c110e400)][39m Encountered internal error running command: TypeError: Cannot read property 'jwproxy' of null
[debug] [35m[W3C (c110e400)][39m     at AndroidUiautomator2Driver.doFindElementOrEls (C:\Other\WebdriverIOTestProject\node_modules\appium\node_modules\appium-uiautomator2-driver\lib\commands\find.js:32:36)
[debug] [35m[W3C (c110e400)][39m     at condFn (C:\Other\WebdriverIOTestProject\node_modules\appium\node_modules\appium-android-driver\lib\commands\find.js:36:28)
[debug] [35m[W3C (c110e400)][39m     at condFn (C:\Other\WebdriverIOTestProject\node_modules\appium\node_modules\appium-base-driver\lib\basedriver\commands\timeout.js:151:18)
[debug] [35m[W3C (c110e400)][39m     at spin (C:\Other\WebdriverIOTestProject\node_modules\appium\node_modules\asyncbox\lib\asyncbox.js:138:26)
[debug] [35m[W3C (c110e400)][39m     at waitForCondition (C:\Other\WebdriverIOTestProject\node_modules\appium\node_modules\asyncbox\lib\asyncbox.js:155:16)
[debug] [35m[W3C (c110e400)][39m     at AndroidUiautomator2Driver.implicitWaitForCondition (C:\Other\WebdriverIOTestProject\node_modules\appium\node_modules\appium-base-driver\lib\basedriver\commands\timeout.js:153:16)
[debug] [35m[W3C (c110e400)][39m     at AndroidUiautomator2Driver.findElOrEls (C:\Other\WebdriverIOTestProject\node_modules\appium\node_modules\appium-android-driver\lib\commands\find.js:60:16)
[debug] [35m[W3C (c110e400)][39m     at AndroidUiautomator2Driver.findElOrElsWithProcessing (C:\Other\WebdriverIOTestProject\node_modules\appium\node_modules\appium-base-driver\lib\basedriver\commands\find.js:33:23)
[debug] [35m[W3C (c110e400)][39m     at AndroidUiautomator2Driver.findElement (C:\Other\WebdriverIOTestProject\node_modules\appium\node_modules\appium-base-driver\lib\basedriver\commands\find.js:53:21)
[debug] [35m[W3C (c110e400)][39m     at commandExecutor (C:\Other\WebdriverIOTestProject\node_modules\appium\node_modules\appium-base-driver\lib\basedriver\driver.js:335:9)
[debug] [35m[W3C (c110e400)][39m     at C:\Other\WebdriverIOTestProject\node_modules\appium\node_modules\async-lock\lib\index.js:146:12
[debug] [35m[W3C (c110e400)][39m     at AsyncLock._promiseTry (C:\Other\WebdriverIOTestProject\node_modules\appium\node_modules\async-lock\lib\index.js:280:31)
[debug] [35m[W3C (c110e400)][39m     at exec (C:\Other\WebdriverIOTestProject\node_modules\appium\node_modules\async-lock\lib\index.js:145:9)
[debug] [35m[W3C (c110e400)][39m     at taskFn (C:\Other\WebdriverIOTestProject\node_modules\appium\node_modules\async-lock\lib\index.js:174:4)
[debug] [35m[W3C (c110e400)][39m     at done (C:\Other\WebdriverIOTestProject\node_modules\appium\node_modules\async-lock\lib\index.js:114:29)
[debug] [35m[W3C (c110e400)][39m     at C:\Other\WebdriverIOTestProject\node_modules\appium\node_modules\async-lock\lib\index.js:151:5
[35m[HTTP][39m [37m<-- POST /session/c110e400-14db-43aa-9cda-ee0bb7b349f5/element [39m[31m500[39m [90m890 ms - 737[39m
[35m[HTTP][39m [90m[39m
[35m[HTTP][39m [37m-->[39m [37mPOST[39m [37m/session/c110e400-14db-43aa-9cda-ee0bb7b349f5/element[39m
[35m[HTTP][39m [90m{"using":"xpath","value":"(//android.widget.EditText)[1]"}[39m
[debug] [35m[W3C (c110e400)][39m Encountered internal error running command: NoSuchDriverError: A session is either terminated or not started
[debug] [35m[W3C (c110e400)][39m     at asyncHandler (C:\Other\WebdriverIOTestProject\node_modules\appium\node_modules\appium-base-driver\lib\protocol\protocol.js:243:15)
[debug] [35m[W3C (c110e400)][39m     at C:\Other\WebdriverIOTestProject\node_modules\appium\node_modules\appium-base-driver\lib\protocol\protocol.js:423:15
[debug] [35m[W3C (c110e400)][39m     at Layer.handle [as handle_request] (C:\Other\WebdriverIOTestProject\node_modules\appium\node_modules\express\lib\router\layer.js:95:5)
[debug] [35m[W3C (c110e400)][39m     at next (C:\Other\WebdriverIOTestProject\node_modules\appium\node_modules\express\lib\router\route.js:137:13)
[debug] [35m[W3C (c110e400)][39m     at Route.dispatch (C:\Other\WebdriverIOTestProject\node_modules\appium\node_modules\express\lib\router\route.js:112:3)
[debug] [35m[W3C (c110e400)][39m     at Layer.handle [as handle_request] (C:\Other\WebdriverIOTestProject\node_modules\appium\node_modules\express\lib\router\layer.js:95:5)
[debug] [35m[W3C (c110e400)][39m     at C:\Other\WebdriverIOTestProject\node_modules\appium\node_modules\express\lib\router\index.js:281:22
[debug] [35m[W3C (c110e400)][39m     at param (C:\Other\WebdriverIOTestProject\node_modules\appium\node_modules\express\lib\router\index.js:354:14)
[debug] [35m[W3C (c110e400)][39m     at param (C:\Other\WebdriverIOTestProject\node_modules\appium\node_modules\express\lib\router\index.js:365:14)
[debug] [35m[W3C (c110e400)][39m     at Function.process_params (C:\Other\WebdriverIOTestProject\node_modules\appium\node_modules\express\lib\router\index.js:410:3)
[debug] [35m[W3C (c110e400)][39m     at next (C:\Other\WebdriverIOTestProject\node_modules\appium\node_modules\express\lib\router\index.js:275:10)
[debug] [35m[W3C (c110e400)][39m     at logger (C:\Other\WebdriverIOTestProject\node_modules\appium\node_modules\morgan\index.js:144:5)
[debug] [35m[W3C (c110e400)][39m     at Layer.handle [as handle_request] (C:\Other\WebdriverIOTestProject\node_modules\appium\node_modules\express\lib\router\layer.js:95:5)
[debug] [35m[W3C (c110e400)][39m     at trim_prefix (C:\Other\WebdriverIOTestProject\node_modules\appium\node_modules\express\lib\router\index.js:317:13)
[debug] [35m[W3C (c110e400)][39m     at C:\Other\WebdriverIOTestProject\node_modules\appium\node_modules\express\lib\router\index.js:284:7
[debug] [35m[W3C (c110e400)][39m     at Function.process_params (C:\Other\WebdriverIOTestProject\node_modules\appium\node_modules\express\lib\router\index.js:335:12)
[35m[HTTP][39m [37m<-- POST /session/c110e400-14db-43aa-9cda-ee0bb7b349f5/element [39m[33m404[39m [90m6 ms - 2300[39m
[35m[HTTP][39m [90m[39m
[debug] [35m[W3C (c110e400)][39m Encountered internal error running command: TypeError: Cannot read property 'jwproxy' of null
[debug] [35m[W3C (c110e400)][39m     at AndroidUiautomator2Driver.doFindElementOrEls (C:\Other\WebdriverIOTestProject\node_modules\appium\node_modules\appium-uiautomator2-driver\lib\commands\find.js:32:36)
[debug] [35m[W3C (c110e400)][39m     at condFn (C:\Other\WebdriverIOTestProject\node_modules\appium\node_modules\appium-android-driver\lib\commands\find.js:36:28)
[debug] [35m[W3C (c110e400)][39m     at condFn (C:\Other\WebdriverIOTestProject\node_modules\appium\node_modules\appium-base-driver\lib\basedriver\commands\timeout.js:151:18)
[debug] [35m[W3C (c110e400)][39m     at spin (C:\Other\WebdriverIOTestProject\node_modules\appium\node_modules\asyncbox\lib\asyncbox.js:138:26)
[debug] [35m[W3C (c110e400)][39m     at waitForCondition (C:\Other\WebdriverIOTestProject\node_modules\appium\node_modules\asyncbox\lib\asyncbox.js:155:16)
[debug] [35m[W3C (c110e400)][39m     at AndroidUiautomator2Driver.implicitWaitForCondition (C:\Other\WebdriverIOTestProject\node_modules\appium\node_modules\appium-base-driver\lib\basedriver\commands\timeout.js:153:16)
[debug] [35m[W3C (c110e400)][39m     at AndroidUiautomator2Driver.findElOrEls (C:\Other\WebdriverIOTestProject\node_modules\appium\node_modules\appium-android-driver\lib\commands\find.js:60:16)
[debug] [35m[W3C (c110e400)][39m     at AndroidUiautomator2Driver.findElOrElsWithProcessing (C:\Other\WebdriverIOTestProject\node_modules\appium\node_modules\appium-base-driver\lib\basedriver\commands\find.js:33:23)
[debug] [35m[W3C (c110e400)][39m     at AndroidUiautomator2Driver.findElement (C:\Other\WebdriverIOTestProject\node_modules\appium\node_modules\appium-base-driver\lib\basedriver\commands\find.js:53:21)
[debug] [35m[W3C (c110e400)][39m     at commandExecutor (C:\Other\WebdriverIOTestProject\node_modules\appium\node_modules\appium-base-driver\lib\basedriver\driver.js:335:9)
[debug] [35m[W3C (c110e400)][39m     at C:\Other\WebdriverIOTestProject\node_modules\appium\node_modules\async-lock\lib\index.js:146:12
[debug] [35m[W3C (c110e400)][39m     at AsyncLock._promiseTry (C:\Other\WebdriverIOTestProject\node_modules\appium\node_modules\async-lock\lib\index.js:280:31)
[debug] [35m[W3C (c110e400)][39m     at exec (C:\Other\WebdriverIOTestProject\node_modules\appium\node_modules\async-lock\lib\index.js:145:9)
[debug] [35m[W3C (c110e400)][39m     at taskFn (C:\Other\WebdriverIOTestProject\node_modules\appium\node_modules\async-lock\lib\index.js:174:4)
[debug] [35m[W3C (c110e400)][39m     at done (C:\Other\WebdriverIOTestProject\node_modules\appium\node_modules\async-lock\lib\index.js:114:29)
[debug] [35m[W3C (c110e400)][39m     at C:\Other\WebdriverIOTestProject\node_modules\appium\node_modules\async-lock\lib\index.js:151:5
[35m[HTTP][39m [37m<-- POST /session/c110e400-14db-43aa-9cda-ee0bb7b349f5/element [39m[31m500[39m [90m908 ms - 737[39m
[35m[HTTP][39m [90m[39m
[35m[HTTP][39m [37m-->[39m [37mPOST[39m [37m/session/c110e400-14db-43aa-9cda-ee0bb7b349f5/element[39m
[35m[HTTP][39m [90m{"using":"xpath","value":"(//android.widget.EditText)[2]"}[39m
[debug] [35m[W3C (c110e400)][39m Encountered internal error running command: NoSuchDriverError: A session is either terminated or not started
[debug] [35m[W3C (c110e400)][39m     at asyncHandler (C:\Other\WebdriverIOTestProject\node_modules\appium\node_modules\appium-base-driver\lib\protocol\protocol.js:243:15)
[debug] [35m[W3C (c110e400)][39m     at C:\Other\WebdriverIOTestProject\node_modules\appium\node_modules\appium-base-driver\lib\protocol\protocol.js:423:15
[debug] [35m[W3C (c110e400)][39m     at Layer.handle [as handle_request] (C:\Other\WebdriverIOTestProject\node_modules\appium\node_modules\express\lib\router\layer.js:95:5)
[debug] [35m[W3C (c110e400)][39m     at next (C:\Other\WebdriverIOTestProject\node_modules\appium\node_modules\express\lib\router\route.js:137:13)
[debug] [35m[W3C (c110e400)][39m     at Route.dispatch (C:\Other\WebdriverIOTestProject\node_modules\appium\node_modules\express\lib\router\route.js:112:3)
[debug] [35m[W3C (c110e400)][39m     at Layer.handle [as handle_request] (C:\Other\WebdriverIOTestProject\node_modules\appium\node_modules\express\lib\router\layer.js:95:5)
[debug] [35m[W3C (c110e400)][39m     at C:\Other\WebdriverIOTestProject\node_modules\appium\node_modules\express\lib\router\index.js:281:22
[debug] [35m[W3C (c110e400)][39m     at param (C:\Other\WebdriverIOTestProject\node_modules\appium\node_modules\express\lib\router\index.js:354:14)
[debug] [35m[W3C (c110e400)][39m     at param (C:\Other\WebdriverIOTestProject\node_modules\appium\node_modules\express\lib\router\index.js:365:14)
[debug] [35m[W3C (c110e400)][39m     at Function.process_params (C:\Other\WebdriverIOTestProject\node_modules\appium\node_modules\express\lib\router\index.js:410:3)
[debug] [35m[W3C (c110e400)][39m     at next (C:\Other\WebdriverIOTestProject\node_modules\appium\node_modules\express\lib\router\index.js:275:10)
[debug] [35m[W3C (c110e400)][39m     at logger (C:\Other\WebdriverIOTestProject\node_modules\appium\node_modules\morgan\index.js:144:5)
[debug] [35m[W3C (c110e400)][39m     at Layer.handle [as handle_request] (C:\Other\WebdriverIOTestProject\node_modules\appium\node_modules\express\lib\router\layer.js:95:5)
[debug] [35m[W3C (c110e400)][39m     at trim_prefix (C:\Other\WebdriverIOTestProject\node_modules\appium\node_modules\express\lib\router\index.js:317:13)
[debug] [35m[W3C (c110e400)][39m     at C:\Other\WebdriverIOTestProject\node_modules\appium\node_modules\express\lib\router\index.js:284:7
[debug] [35m[W3C (c110e400)][39m     at Function.process_params (C:\Other\WebdriverIOTestProject\node_modules\appium\node_modules\express\lib\router\index.js:335:12)
[35m[HTTP][39m [37m<-- POST /session/c110e400-14db-43aa-9cda-ee0bb7b349f5/element [39m[33m404[39m [90m3 ms - 2300[39m
[35m[HTTP][39m [90m[39m
[35m[HTTP][39m [37m-->[39m [37mPOST[39m [37m/session/c110e400-14db-43aa-9cda-ee0bb7b349f5/element[39m
[35m[HTTP][39m [90m{"using":"xpath","value":"(//android.widget.EditText)[2]"}[39m
[debug] [35m[W3C (c110e400)][39m Encountered internal error running command: NoSuchDriverError: A session is either terminated or not started
[debug] [35m[W3C (c110e400)][39m     at asyncHandler (C:\Other\WebdriverIOTestProject\node_modules\appium\node_modules\appium-base-driver\lib\protocol\protocol.js:243:15)
[debug] [35m[W3C (c110e400)][39m     at C:\Other\WebdriverIOTestProject\node_modules\appium\node_modules\appium-base-driver\lib\protocol\protocol.js:423:15
[debug] [35m[W3C (c110e400)][39m     at Layer.handle [as handle_request] (C:\Other\WebdriverIOTestProject\node_modules\appium\node_modules\express\lib\router\layer.js:95:5)
[debug] [35m[W3C (c110e400)][39m     at next (C:\Other\WebdriverIOTestProject\node_modules\appium\node_modules\express\lib\router\route.js:137:13)
[debug] [35m[W3C (c110e400)][39m     at Route.dispatch (C:\Other\WebdriverIOTestProject\node_modules\appium\node_modules\express\lib\router\route.js:112:3)
[debug] [35m[W3C (c110e400)][39m     at Layer.handle [as handle_request] (C:\Other\WebdriverIOTestProject\node_modules\appium\node_modules\express\lib\router\layer.js:95:5)
[debug] [35m[W3C (c110e400)][39m     at C:\Other\WebdriverIOTestProject\node_modules\appium\node_modules\express\lib\router\index.js:281:22
[debug] [35m[W3C (c110e400)][39m     at param (C:\Other\WebdriverIOTestProject\node_modules\appium\node_modules\express\lib\router\index.js:354:14)
[debug] [35m[W3C (c110e400)][39m     at param (C:\Other\WebdriverIOTestProject\node_modules\appium\node_modules\express\lib\router\index.js:365:14)
[debug] [35m[W3C (c110e400)][39m     at Function.process_params (C:\Other\WebdriverIOTestProject\node_modules\appium\node_modules\express\lib\router\index.js:410:3)
[debug] [35m[W3C (c110e400)][39m     at next (C:\Other\WebdriverIOTestProject\node_modules\appium\node_modules\express\lib\router\index.js:275:10)
[debug] [35m[W3C (c110e400)][39m     at logger (C:\Other\WebdriverIOTestProject\node_modules\appium\node_modules\morgan\index.js:144:5)
[debug] [35m[W3C (c110e400)][39m     at Layer.handle [as handle_request] (C:\Other\WebdriverIOTestProject\node_modules\appium\node_modules\express\lib\router\layer.js:95:5)
[debug] [35m[W3C (c110e400)][39m     at trim_prefix (C:\Other\WebdriverIOTestProject\node_modules\appium\node_modules\express\lib\router\index.js:317:13)
[debug] [35m[W3C (c110e400)][39m     at C:\Other\WebdriverIOTestProject\node_modules\appium\node_modules\express\lib\router\index.js:284:7
[debug] [35m[W3C (c110e400)][39m     at Function.process_params (C:\Other\WebdriverIOTestProject\node_modules\appium\node_modules\express\lib\router\index.js:335:12)
[35m[HTTP][39m [37m<-- POST /session/c110e400-14db-43aa-9cda-ee0bb7b349f5/element [39m[33m404[39m [90m3 ms - 2300[39m
[35m[HTTP][39m [90m[39m
[35m[HTTP][39m [37m-->[39m [37mPOST[39m [37m/session/c110e400-14db-43aa-9cda-ee0bb7b349f5/element[39m
[35m[HTTP][39m [90m{"using":"xpath","value":"(//android.widget.EditText)[1]"}[39m
[debug] [35m[W3C (c110e400)][39m Encountered internal error running command: NoSuchDriverError: A session is either terminated or not started
[debug] [35m[W3C (c110e400)][39m     at asyncHandler (C:\Other\WebdriverIOTestProject\node_modules\appium\node_modules\appium-base-driver\lib\protocol\protocol.js:243:15)
[debug] [35m[W3C (c110e400)][39m     at C:\Other\WebdriverIOTestProject\node_modules\appium\node_modules\appium-base-driver\lib\protocol\protocol.js:423:15
[debug] [35m[W3C (c110e400)][39m     at Layer.handle [as handle_request] (C:\Other\WebdriverIOTestProject\node_modules\appium\node_modules\express\lib\router\layer.js:95:5)
[debug] [35m[W3C (c110e400)][39m     at next (C:\Other\WebdriverIOTestProject\node_modules\appium\node_modules\express\lib\router\route.js:137:13)
[debug] [35m[W3C (c110e400)][39m     at Route.dispatch (C:\Other\WebdriverIOTestProject\node_modules\appium\node_modules\express\lib\router\route.js:112:3)
[debug] [35m[W3C (c110e400)][39m     at Layer.handle [as handle_request] (C:\Other\WebdriverIOTestProject\node_modules\appium\node_modules\express\lib\router\layer.js:95:5)
[debug] [35m[W3C (c110e400)][39m     at C:\Other\WebdriverIOTestProject\node_modules\appium\node_modules\express\lib\router\index.js:281:22
[debug] [35m[W3C (c110e400)][39m     at param (C:\Other\WebdriverIOTestProject\node_modules\appium\node_modules\express\lib\router\index.js:354:14)
[debug] [35m[W3C (c110e400)][39m     at param (C:\Other\WebdriverIOTestProject\node_modules\appium\node_modules\express\lib\router\index.js:365:14)
[debug] [35m[W3C (c110e400)][39m     at Function.process_params (C:\Other\WebdriverIOTestProject\node_modules\appium\node_modules\express\lib\router\index.js:410:3)
[debug] [35m[W3C (c110e400)][39m     at next (C:\Other\WebdriverIOTestProject\node_modules\appium\node_modules\express\lib\router\index.js:275:10)
[debug] [35m[W3C (c110e400)][39m     at logger (C:\Other\WebdriverIOTestProject\node_modules\appium\node_modules\morgan\index.js:144:5)
[debug] [35m[W3C (c110e400)][39m     at Layer.handle [as handle_request] (C:\Other\WebdriverIOTestProject\node_modules\appium\node_modules\express\lib\router\layer.js:95:5)
[debug] [35m[W3C (c110e400)][39m     at trim_prefix (C:\Other\WebdriverIOTestProject\node_modules\appium\node_modules\express\lib\router\index.js:317:13)
[debug] [35m[W3C (c110e400)][39m     at C:\Other\WebdriverIOTestProject\node_modules\appium\node_modules\express\lib\router\index.js:284:7
[debug] [35m[W3C (c110e400)][39m     at Function.process_params (C:\Other\WebdriverIOTestProject\node_modules\appium\node_modules\express\lib\router\index.js:335:12)
[35m[HTTP][39m [37m<-- POST /session/c110e400-14db-43aa-9cda-ee0bb7b349f5/element [39m[33m404[39m [90m3 ms - 2300[39m
[35m[HTTP][39m [90m[39m
[35m[HTTP][39m [37m-->[39m [37mPOST[39m [37m/session/c110e400-14db-43aa-9cda-ee0bb7b349f5/element[39m
[35m[HTTP][39m [90m{"using":"xpath","value":"//android.widget.Button[@text='Log ind']"}[39m
[debug] [35m[W3C (c110e400)][39m Encountered internal error running command: NoSuchDriverError: A session is either terminated or not started
[debug] [35m[W3C (c110e400)][39m     at asyncHandler (C:\Other\WebdriverIOTestProject\node_modules\appium\node_modules\appium-base-driver\lib\protocol\protocol.js:243:15)
[debug] [35m[W3C (c110e400)][39m     at C:\Other\WebdriverIOTestProject\node_modules\appium\node_modules\appium-base-driver\lib\protocol\protocol.js:423:15
[debug] [35m[W3C (c110e400)][39m     at Layer.handle [as handle_request] (C:\Other\WebdriverIOTestProject\node_modules\appium\node_modules\express\lib\router\layer.js:95:5)
[debug] [35m[W3C (c110e400)][39m     at next (C:\Other\WebdriverIOTestProject\node_modules\appium\node_modules\express\lib\router\route.js:137:13)
[debug] [35m[W3C (c110e400)][39m     at Route.dispatch (C:\Other\WebdriverIOTestProject\node_modules\appium\node_modules\express\lib\router\route.js:112:3)
[debug] [35m[W3C (c110e400)][39m     at Layer.handle [as handle_request] (C:\Other\WebdriverIOTestProject\node_modules\appium\node_modules\express\lib\router\layer.js:95:5)
[debug] [35m[W3C (c110e400)][39m     at C:\Other\WebdriverIOTestProject\node_modules\appium\node_modules\express\lib\router\index.js:281:22
[debug] [35m[W3C (c110e400)][39m     at param (C:\Other\WebdriverIOTestProject\node_modules\appium\node_modules\express\lib\router\index.js:354:14)
[debug] [35m[W3C (c110e400)][39m     at param (C:\Other\WebdriverIOTestProject\node_modules\appium\node_modules\express\lib\router\index.js:365:14)
[debug] [35m[W3C (c110e400)][39m     at Function.process_params (C:\Other\WebdriverIOTestProject\node_modules\appium\node_modules\express\lib\router\index.js:410:3)
[debug] [35m[W3C (c110e400)][39m     at next (C:\Other\WebdriverIOTestProject\node_modules\appium\node_modules\express\lib\router\index.js:275:10)
[debug] [35m[W3C (c110e400)][39m     at logger (C:\Other\WebdriverIOTestProject\node_modules\appium\node_modules\morgan\index.js:144:5)
[debug] [35m[W3C (c110e400)][39m     at Layer.handle [as handle_request] (C:\Other\WebdriverIOTestProject\node_modules\appium\node_modules\express\lib\router\layer.js:95:5)
[debug] [35m[W3C (c110e400)][39m     at trim_prefix (C:\Other\WebdriverIOTestProject\node_modules\appium\node_modules\express\lib\router\index.js:317:13)
[debug] [35m[W3C (c110e400)][39m     at C:\Other\WebdriverIOTestProject\node_modules\appium\node_modules\express\lib\router\index.js:284:7
[debug] [35m[W3C (c110e400)][39m     at Function.process_params (C:\Other\WebdriverIOTestProject\node_modules\appium\node_modules\express\lib\router\index.js:335:12)
[35m[HTTP][39m [37m<-- POST /session/c110e400-14db-43aa-9cda-ee0bb7b349f5/element [39m[33m404[39m [90m3 ms - 2300[39m
[35m[HTTP][39m [90m[39m
[debug] [35m[BaseDriver][39m Event 'quitSessionFinished' logged at 1645707128727 (13:52:08 GMT+0100 (GMT+01:00))
[debug] [35m[W3C (c110e400)][39m Received response: null
[debug] [35m[W3C (c110e400)][39m But deleting session, so not returning
[debug] [35m[W3C (c110e400)][39m Responding to client with driver.deleteSession() result: null
[35m[HTTP][39m [37m<-- DELETE /session/c110e400-14db-43aa-9cda-ee0bb7b349f5 [39m[32m200[39m [90m934 ms - 14[39m
[35m[HTTP][39m [90m[39m
[35m[HTTP][39m [37m-->[39m [37mPOST[39m [37m/session/c110e400-14db-43aa-9cda-ee0bb7b349f5/element[39m
[35m[HTTP][39m [90m{"using":"xpath","value":"(//android.widget.EditText)[2]"}[39m
[debug] [35m[W3C (c110e400)][39m Encountered internal error running command: NoSuchDriverError: A session is either terminated or not started
[debug] [35m[W3C (c110e400)][39m     at asyncHandler (C:\Other\WebdriverIOTestProject\node_modules\appium\node_modules\appium-base-driver\lib\protocol\protocol.js:243:15)
[debug] [35m[W3C (c110e400)][39m     at C:\Other\WebdriverIOTestProject\node_modules\appium\node_modules\appium-base-driver\lib\protocol\protocol.js:423:15
[debug] [35m[W3C (c110e400)][39m     at Layer.handle [as handle_request] (C:\Other\WebdriverIOTestProject\node_modules\appium\node_modules\express\lib\router\layer.js:95:5)
[debug] [35m[W3C (c110e400)][39m     at next (C:\Other\WebdriverIOTestProject\node_modules\appium\node_modules\express\lib\router\route.js:137:13)
[debug] [35m[W3C (c110e400)][39m     at Route.dispatch (C:\Other\WebdriverIOTestProject\node_modules\appium\node_modules\express\lib\router\route.js:112:3)
[debug] [35m[W3C (c110e400)][39m     at Layer.handle [as handle_request] (C:\Other\WebdriverIOTestProject\node_modules\appium\node_modules\express\lib\router\layer.js:95:5)
[debug] [35m[W3C (c110e400)][39m     at C:\Other\WebdriverIOTestProject\node_modules\appium\node_modules\express\lib\router\index.js:281:22
[debug] [35m[W3C (c110e400)][39m     at param (C:\Other\WebdriverIOTestProject\node_modules\appium\node_modules\express\lib\router\index.js:354:14)
[debug] [35m[W3C (c110e400)][39m     at param (C:\Other\WebdriverIOTestProject\node_modules\appium\node_modules\express\lib\router\index.js:365:14)
[debug] [35m[W3C (c110e400)][39m     at Function.process_params (C:\Other\WebdriverIOTestProject\node_modules\appium\node_modules\express\lib\router\index.js:410:3)
[debug] [35m[W3C (c110e400)][39m     at next (C:\Other\WebdriverIOTestProject\node_modules\appium\node_modules\express\lib\router\index.js:275:10)
[debug] [35m[W3C (c110e400)][39m     at logger (C:\Other\WebdriverIOTestProject\node_modules\appium\node_modules\morgan\index.js:144:5)
[debug] [35m[W3C (c110e400)][39m     at Layer.handle [as handle_request] (C:\Other\WebdriverIOTestProject\node_modules\appium\node_modules\express\lib\router\layer.js:95:5)
[debug] [35m[W3C (c110e400)][39m     at trim_prefix (C:\Other\WebdriverIOTestProject\node_modules\appium\node_modules\express\lib\router\index.js:317:13)
[debug] [35m[W3C (c110e400)][39m     at C:\Other\WebdriverIOTestProject\node_modules\appium\node_modules\express\lib\router\index.js:284:7
[debug] [35m[W3C (c110e400)][39m     at Function.process_params (C:\Other\WebdriverIOTestProject\node_modules\appium\node_modules\express\lib\router\index.js:335:12)
[35m[HTTP][39m [37m<-- POST /session/c110e400-14db-43aa-9cda-ee0bb7b349f5/element [39m[33m404[39m [90m9 ms - 2300[39m
[35m[HTTP][39m [90m[39m
[35m[HTTP][39m [37m-->[39m [37mPOST[39m [37m/session/c110e400-14db-43aa-9cda-ee0bb7b349f5/element[39m
[35m[HTTP][39m [90m{"using":"xpath","value":"(//android.widget.EditText)[1]"}[39m
[debug] [35m[W3C (c110e400)][39m Encountered internal error running command: NoSuchDriverError: A session is either terminated or not started
[debug] [35m[W3C (c110e400)][39m     at asyncHandler (C:\Other\WebdriverIOTestProject\node_modules\appium\node_modules\appium-base-driver\lib\protocol\protocol.js:243:15)
[debug] [35m[W3C (c110e400)][39m     at C:\Other\WebdriverIOTestProject\node_modules\appium\node_modules\appium-base-driver\lib\protocol\protocol.js:423:15
[debug] [35m[W3C (c110e400)][39m     at Layer.handle [as handle_request] (C:\Other\WebdriverIOTestProject\node_modules\appium\node_modules\express\lib\router\layer.js:95:5)
[debug] [35m[W3C (c110e400)][39m     at next (C:\Other\WebdriverIOTestProject\node_modules\appium\node_modules\express\lib\router\route.js:137:13)
[debug] [35m[W3C (c110e400)][39m     at Route.dispatch (C:\Other\WebdriverIOTestProject\node_modules\appium\node_modules\express\lib\router\route.js:112:3)
[debug] [35m[W3C (c110e400)][39m     at Layer.handle [as handle_request] (C:\Other\WebdriverIOTestProject\node_modules\appium\node_modules\express\lib\router\layer.js:95:5)
[debug] [35m[W3C (c110e400)][39m     at C:\Other\WebdriverIOTestProject\node_modules\appium\node_modules\express\lib\router\index.js:281:22
[debug] [35m[W3C (c110e400)][39m     at param (C:\Other\WebdriverIOTestProject\node_modules\appium\node_modules\express\lib\router\index.js:354:14)
[debug] [35m[W3C (c110e400)][39m     at param (C:\Other\WebdriverIOTestProject\node_modules\appium\node_modules\express\lib\router\index.js:365:14)
[debug] [35m[W3C (c110e400)][39m     at Function.process_params (C:\Other\WebdriverIOTestProject\node_modules\appium\node_modules\express\lib\router\index.js:410:3)
[debug] [35m[W3C (c110e400)][39m     at next (C:\Other\WebdriverIOTestProject\node_modules\appium\node_modules\express\lib\router\index.js:275:10)
[debug] [35m[W3C (c110e400)][39m     at logger (C:\Other\WebdriverIOTestProject\node_modules\appium\node_modules\morgan\index.js:144:5)
[debug] [35m[W3C (c110e400)][39m     at Layer.handle [as handle_request] (C:\Other\WebdriverIOTestProject\node_modules\appium\node_modules\express\lib\router\layer.js:95:5)
[debug] [35m[W3C (c110e400)][39m     at trim_prefix (C:\Other\WebdriverIOTestProject\node_modules\appium\node_modules\express\lib\router\index.js:317:13)
[debug] [35m[W3C (c110e400)][39m     at C:\Other\WebdriverIOTestProject\node_modules\appium\node_modules\express\lib\router\index.js:284:7
[debug] [35m[W3C (c110e400)][39m     at Function.process_params (C:\Other\WebdriverIOTestProject\node_modules\appium\node_modules\express\lib\router\index.js:335:12)
[35m[HTTP][39m [37m<-- POST /session/c110e400-14db-43aa-9cda-ee0bb7b349f5/element [39m[33m404[39m [90m3 ms - 2300[39m
[35m[HTTP][39m [90m[39m
[35m[HTTP][39m [37m-->[39m [37mPOST[39m [37m/session/c110e400-14db-43aa-9cda-ee0bb7b349f5/element[39m
[35m[HTTP][39m [90m{"using":"xpath","value":"//android.widget.Button[@text='Log ind']"}[39m
[debug] [35m[W3C (c110e400)][39m Encountered internal error running command: NoSuchDriverError: A session is either terminated or not started
[debug] [35m[W3C (c110e400)][39m     at asyncHandler (C:\Other\WebdriverIOTestProject\node_modules\appium\node_modules\appium-base-driver\lib\protocol\protocol.js:243:15)
[debug] [35m[W3C (c110e400)][39m     at C:\Other\WebdriverIOTestProject\node_modules\appium\node_modules\appium-base-driver\lib\protocol\protocol.js:423:15
[debug] [35m[W3C (c110e400)][39m     at Layer.handle [as handle_request] (C:\Other\WebdriverIOTestProject\node_modules\appium\node_modules\express\lib\router\layer.js:95:5)
[debug] [35m[W3C (c110e400)][39m     at next (C:\Other\WebdriverIOTestProject\node_modules\appium\node_modules\express\lib\router\route.js:137:13)
[debug] [35m[W3C (c110e400)][39m     at Route.dispatch (C:\Other\WebdriverIOTestProject\node_modules\appium\node_modules\express\lib\router\route.js:112:3)
[debug] [35m[W3C (c110e400)][39m     at Layer.handle [as handle_request] (C:\Other\WebdriverIOTestProject\node_modules\appium\node_modules\express\lib\router\layer.js:95:5)
[debug] [35m[W3C (c110e400)][39m     at C:\Other\WebdriverIOTestProject\node_modules\appium\node_modules\express\lib\router\index.js:281:22
[debug] [35m[W3C (c110e400)][39m     at param (C:\Other\WebdriverIOTestProject\node_modules\appium\node_modules\express\lib\router\index.js:354:14)
[debug] [35m[W3C (c110e400)][39m     at param (C:\Other\WebdriverIOTestProject\node_modules\appium\node_modules\express\lib\router\index.js:365:14)
[debug] [35m[W3C (c110e400)][39m     at Function.process_params (C:\Other\WebdriverIOTestProject\node_modules\appium\node_modules\express\lib\router\index.js:410:3)
[debug] [35m[W3C (c110e400)][39m     at next (C:\Other\WebdriverIOTestProject\node_modules\appium\node_modules\express\lib\router\index.js:275:10)
[debug] [35m[W3C (c110e400)][39m     at logger (C:\Other\WebdriverIOTestProject\node_modules\appium\node_modules\morgan\index.js:144:5)
[debug] [35m[W3C (c110e400)][39m     at Layer.handle [as handle_request] (C:\Other\WebdriverIOTestProject\node_modules\appium\node_modules\express\lib\router\layer.js:95:5)
[debug] [35m[W3C (c110e400)][39m     at trim_prefix (C:\Other\WebdriverIOTestProject\node_modules\appium\node_modules\express\lib\router\index.js:317:13)
[debug] [35m[W3C (c110e400)][39m     at C:\Other\WebdriverIOTestProject\node_modules\appium\node_modules\express\lib\router\index.js:284:7
[debug] [35m[W3C (c110e400)][39m     at Function.process_params (C:\Other\WebdriverIOTestProject\node_modules\appium\node_modules\express\lib\router\index.js:335:12)
[35m[HTTP][39m [37m<-- POST /session/c110e400-14db-43aa-9cda-ee0bb7b349f5/element [39m[33m404[39m [90m6 ms - 2300[39m
[35m[HTTP][39m [90m[39m
[35m[HTTP][39m [37m-->[39m [37mPOST[39m [37m/session/c110e400-14db-43aa-9cda-ee0bb7b349f5/element[39m
[35m[HTTP][39m [90m{"using":"xpath","value":"//android.widget.Button[@text='Log ind']"}[39m
[debug] [35m[W3C (c110e400)][39m Encountered internal error running command: NoSuchDriverError: A session is either terminated or not started
[debug] [35m[W3C (c110e400)][39m     at asyncHandler (C:\Other\WebdriverIOTestProject\node_modules\appium\node_modules\appium-base-driver\lib\protocol\protocol.js:243:15)
[debug] [35m[W3C (c110e400)][39m     at C:\Other\WebdriverIOTestProject\node_modules\appium\node_modules\appium-base-driver\lib\protocol\protocol.js:423:15
[debug] [35m[W3C (c110e400)][39m     at Layer.handle [as handle_request] (C:\Other\WebdriverIOTestProject\node_modules\appium\node_modules\express\lib\router\layer.js:95:5)
[debug] [35m[W3C (c110e400)][39m     at next (C:\Other\WebdriverIOTestProject\node_modules\appium\node_modules\express\lib\router\route.js:137:13)
[debug] [35m[W3C (c110e400)][39m     at Route.dispatch (C:\Other\WebdriverIOTestProject\node_modules\appium\node_modules\express\lib\router\route.js:112:3)
[debug] [35m[W3C (c110e400)][39m     at Layer.handle [as handle_request] (C:\Other\WebdriverIOTestProject\node_modules\appium\node_modules\express\lib\router\layer.js:95:5)
[debug] [35m[W3C (c110e400)][39m     at C:\Other\WebdriverIOTestProject\node_modules\appium\node_modules\express\lib\router\index.js:281:22
[debug] [35m[W3C (c110e400)][39m     at param (C:\Other\WebdriverIOTestProject\node_modules\appium\node_modules\express\lib\router\index.js:354:14)
[debug] [35m[W3C (c110e400)][39m     at param (C:\Other\WebdriverIOTestProject\node_modules\appium\node_modules\express\lib\router\index.js:365:14)
[debug] [35m[W3C (c110e400)][39m     at Function.process_params (C:\Other\WebdriverIOTestProject\node_modules\appium\node_modules\express\lib\router\index.js:410:3)
[debug] [35m[W3C (c110e400)][39m     at next (C:\Other\WebdriverIOTestProject\node_modules\appium\node_modules\express\lib\router\index.js:275:10)
[debug] [35m[W3C (c110e400)][39m     at logger (C:\Other\WebdriverIOTestProject\node_modules\appium\node_modules\morgan\index.js:144:5)
[debug] [35m[W3C (c110e400)][39m     at Layer.handle [as handle_request] (C:\Other\WebdriverIOTestProject\node_modules\appium\node_modules\express\lib\router\layer.js:95:5)
[debug] [35m[W3C (c110e400)][39m     at trim_prefix (C:\Other\WebdriverIOTestProject\node_modules\appium\node_modules\express\lib\router\index.js:317:13)
[debug] [35m[W3C (c110e400)][39m     at C:\Other\WebdriverIOTestProject\node_modules\appium\node_modules\express\lib\router\index.js:284:7
[debug] [35m[W3C (c110e400)][39m     at Function.process_params (C:\Other\WebdriverIOTestProject\node_modules\appium\node_modules\express\lib\router\index.js:335:12)
[35m[HTTP][39m [37m<-- POST /session/c110e400-14db-43aa-9cda-ee0bb7b349f5/element [39m[33m404[39m [90m4 ms - 2300[39m
[35m[HTTP][39m [90m[39m
